This is pdfTeX, Version 3.14159265-2.6-1.40.19 (MiKTeX 2.9.6880 64-bit) (preloaded format=pdflatex 2018.12.6)  14 DEC 2018 21:35
entering extended mode
**./Diplomamunka_Haraszti_Gabor_DPWF3Y.tex
(Diplomamunka_Haraszti_Gabor_DPWF3Y.tex
LaTeX2e <2018-04-01> patch level 5
("C:\Program Files\MiKTeX 2.9\tex\latex\base\report.cls"
Document Class: report 2014/09/29 v1.4h Standard LaTeX document class
("C:\Program Files\MiKTeX 2.9\tex\latex\base\size12.clo"
File: size12.clo 2014/09/29 v1.4h Standard LaTeX file (size option)
)
\c@part=\count80
\c@chapter=\count81
\c@section=\count82
\c@subsection=\count83
\c@subsubsection=\count84
\c@paragraph=\count85
\c@subparagraph=\count86
\c@figure=\count87
\c@table=\count88
\abovecaptionskip=\skip41
\belowcaptionskip=\skip42
\bibindent=\dimen102
)
("C:\Program Files\MiKTeX 2.9\tex\generic\babel\babel.sty"
Package: babel 2018/11/13 3.27 The Babel package

("C:\Program Files\MiKTeX 2.9\tex\generic\babel\switch.def"
File: switch.def 2018/11/13 3.27 Babel switching mechanism
)
*************************************
* Local config file bblopts.cfg used
*
("C:\Program Files\MiKTeX 2.9\tex\latex\arabi\bblopts.cfg"
File: bblopts.cfg 2005/09/08 v0.1 add Arabic and Farsi to "declared" options of
 babel
) (magyar.ldf
Language: magyar 2005/05/12 v1.5 Magyar support from the babel v3.7 system

("C:\Program Files\MiKTeX 2.9\tex\generic\babel\babel.def"
File: babel.def 2018/11/13 3.27 Babel common definitions
\babel@savecnt=\count89
\U@D=\dimen103

("C:\Program Files\MiKTeX 2.9\tex\generic\babel\txtbabel.def")
\bbl@dirlevel=\count90
)
\l@magyar=\count91
\c@enumv=\count92
Package babel Info: Making ; an active character on input line 2271.
Package babel Info: Making ! an active character on input line 2273.
Package babel Info: Making ? an active character on input line 2279.
Package babel Info: Making : an active character on input line 2281.
Package babel Info: Making ` an active character on input line 2297.
\c@footnote@add=\count93
\c@footnote@ch=\count94
))
("C:\Program Files\MiKTeX 2.9\tex\latex\base\t1enc.sty"
Package: t1enc 1994/06/01 Standard LaTeX package
)
("C:\Program Files\MiKTeX 2.9\tex\latex\base\inputenc.sty"
Package: inputenc 2018/04/06 v1.3b Input encoding file
\inpenc@prehook=\toks14
\inpenc@posthook=\toks15

("C:\Program Files\MiKTeX 2.9\tex\latex\base\latin2.def"
File: latin2.def 2018/04/06 v1.3b Input encoding file
))
("C:\Program Files\MiKTeX 2.9\tex\latex\psnfss\times.sty"
Package: times 2005/04/12 PSNFSS-v9.2a (SPQR) 
)
("C:\Program Files\MiKTeX 2.9\tex\latex\amsmath\amsmath.sty"
Package: amsmath 2017/09/02 v2.17a AMS math features
\@mathmargin=\skip43

For additional information on amsmath, use the `?' option.
("C:\Program Files\MiKTeX 2.9\tex\latex\amsmath\amstext.sty"
Package: amstext 2000/06/29 v2.01 AMS text

("C:\Program Files\MiKTeX 2.9\tex\latex\amsmath\amsgen.sty"
File: amsgen.sty 1999/11/30 v2.0 generic functions
\@emptytoks=\toks16
\ex@=\dimen104
))
("C:\Program Files\MiKTeX 2.9\tex\latex\amsmath\amsbsy.sty"
Package: amsbsy 1999/11/29 v1.2d Bold Symbols
\pmbraise@=\dimen105
)
("C:\Program Files\MiKTeX 2.9\tex\latex\amsmath\amsopn.sty"
Package: amsopn 2016/03/08 v2.02 operator names
)
\inf@bad=\count95
LaTeX Info: Redefining \frac on input line 213.
\uproot@=\count96
\leftroot@=\count97
LaTeX Info: Redefining \overline on input line 375.
\classnum@=\count98
\DOTSCASE@=\count99
LaTeX Info: Redefining \ldots on input line 472.
LaTeX Info: Redefining \dots on input line 475.
LaTeX Info: Redefining \cdots on input line 596.
\Mathstrutbox@=\box26
\strutbox@=\box27
\big@size=\dimen106
LaTeX Font Info:    Redeclaring font encoding OML on input line 712.
LaTeX Font Info:    Redeclaring font encoding OMS on input line 713.
\macc@depth=\count100
\c@MaxMatrixCols=\count101
\dotsspace@=\muskip10
\c@parentequation=\count102
\dspbrk@lvl=\count103
\tag@help=\toks17
\row@=\count104
\column@=\count105
\maxfields@=\count106
\andhelp@=\toks18
\eqnshift@=\dimen107
\alignsep@=\dimen108
\tagshift@=\dimen109
\tagwidth@=\dimen110
\totwidth@=\dimen111
\lineht@=\dimen112
\@envbody=\toks19
\multlinegap=\skip44
\multlinetaggap=\skip45
\mathdisplay@stack=\toks20
LaTeX Info: Redefining \[ on input line 2817.
LaTeX Info: Redefining \] on input line 2818.
)
("C:\Program Files\MiKTeX 2.9\tex\latex\amsfonts\amssymb.sty"
Package: amssymb 2013/01/14 v3.01 AMS font symbols

("C:\Program Files\MiKTeX 2.9\tex\latex\amsfonts\amsfonts.sty"
Package: amsfonts 2013/01/14 v3.01 Basic AMSFonts support
\symAMSa=\mathgroup4
\symAMSb=\mathgroup5
LaTeX Font Info:    Overwriting math alphabet `\mathfrak' in version `bold'
(Font)                  U/euf/m/n --> U/euf/b/n on input line 106.
))
("C:\Program Files\MiKTeX 2.9\tex\latex\amscls\amsthm.sty"
Package: amsthm 2017/10/31 v2.20.4
\thm@style=\toks21
\thm@bodyfont=\toks22
\thm@headfont=\toks23
\thm@notefont=\toks24
\thm@headpunct=\toks25
\thm@preskip=\skip46
\thm@postskip=\skip47
\thm@headsep=\skip48
\dth@everypar=\toks26
)
("C:\Program Files\MiKTeX 2.9\tex\latex\fancyhdr\fancyhdr.sty"
Package: fancyhdr 2017/06/30 v3.9a Extensive control of page headers and footer
s
\f@nch@headwidth=\skip49
\f@nch@O@elh=\skip50
\f@nch@O@erh=\skip51
\f@nch@O@olh=\skip52
\f@nch@O@orh=\skip53
\f@nch@O@elf=\skip54
\f@nch@O@erf=\skip55
\f@nch@O@olf=\skip56
\f@nch@O@orf=\skip57
)
("C:\Program Files\MiKTeX 2.9\tex\latex\graphics\graphicx.sty"
Package: graphicx 2017/06/01 v1.1a Enhanced LaTeX Graphics (DPC,SPQR)

("C:\Program Files\MiKTeX 2.9\tex\latex\graphics\keyval.sty"
Package: keyval 2014/10/28 v1.15 key=value parser (DPC)
\KV@toks@=\toks27
)
("C:\Program Files\MiKTeX 2.9\tex\latex\graphics\graphics.sty"
Package: graphics 2017/06/25 v1.2c Standard LaTeX Graphics (DPC,SPQR)

("C:\Program Files\MiKTeX 2.9\tex\latex\graphics\trig.sty"
Package: trig 2016/01/03 v1.10 sin cos tan (DPC)
)
("C:\Program Files\MiKTeX 2.9\tex\latex\graphics-cfg\graphics.cfg"
File: graphics.cfg 2016/06/04 v1.11 sample graphics configuration
)
Package graphics Info: Driver file: pdftex.def on input line 99.

("C:\Program Files\MiKTeX 2.9\tex\latex\graphics-def\pdftex.def"
File: pdftex.def 2018/01/08 v1.0l Graphics/color driver for pdftex
))
\Gin@req@height=\dimen113
\Gin@req@width=\dimen114
)
("C:\Program Files\MiKTeX 2.9\tex\latex\psfrag\psfrag.sty"
Package: psfrag 1998/04/11 v3.04 PSfrag (MCG)
\pfg@pcount=\count107
\pfg@scount=\count108
\pfg@temp=\write3
)
("C:\Program Files\MiKTeX 2.9\tex\latex\graphics\epsfig.sty"
Package: epsfig 2017/06/25 v1.7b (e)psfig emulation (SPQR)
\epsfxsize=\dimen115
\epsfysize=\dimen116
)
("C:\Program Files\MiKTeX 2.9\tex\latex\xcolor\xcolor.sty"
Package: xcolor 2016/05/11 v2.12 LaTeX color extensions (UK)

("C:\Program Files\MiKTeX 2.9\tex\latex\graphics-cfg\color.cfg"
File: color.cfg 2016/01/02 v1.6 sample color configuration
)
Package xcolor Info: Driver file: pdftex.def on input line 225.
Package xcolor Info: Model `cmy' substituted by `cmy0' on input line 1348.
Package xcolor Info: Model `hsb' substituted by `rgb' on input line 1352.
Package xcolor Info: Model `RGB' extended on input line 1364.
Package xcolor Info: Model `HTML' substituted by `rgb' on input line 1366.
Package xcolor Info: Model `Hsb' substituted by `hsb' on input line 1367.
Package xcolor Info: Model `tHsb' substituted by `hsb' on input line 1368.
Package xcolor Info: Model `HSB' substituted by `hsb' on input line 1369.
Package xcolor Info: Model `Gray' substituted by `gray' on input line 1370.
Package xcolor Info: Model `wave' substituted by `hsb' on input line 1371.
)
\c@tét=\count109
\tindent=\skip58

(Diplomamunka_Haraszti_Gabor_DPWF3Y.aux)
\openout1 = `Diplomamunka_Haraszti_Gabor_DPWF3Y.aux'.

LaTeX Font Info:    Checking defaults for OML/cmm/m/it on input line 71.
LaTeX Font Info:    ... okay on input line 71.
LaTeX Font Info:    Checking defaults for T1/cmr/m/n on input line 71.
LaTeX Font Info:    ... okay on input line 71.
LaTeX Font Info:    Checking defaults for OT1/cmr/m/n on input line 71.
LaTeX Font Info:    ... okay on input line 71.
LaTeX Font Info:    Checking defaults for OMS/cmsy/m/n on input line 71.
LaTeX Font Info:    ... okay on input line 71.
LaTeX Font Info:    Checking defaults for OMX/cmex/m/n on input line 71.
LaTeX Font Info:    ... okay on input line 71.
LaTeX Font Info:    Checking defaults for U/cmr/m/n on input line 71.
LaTeX Font Info:    ... okay on input line 71.
LaTeX Font Info:    Try loading font information for T1+ptm on input line 71.

("C:\Program Files\MiKTeX 2.9\tex\latex\psnfss\t1ptm.fd"
File: t1ptm.fd 2001/06/04 font definitions for T1/ptm.
)

Package magyar.ldf Warning: Requested Hungarian hyphenation= patterns missing.
(magyar.ldf)                To make LaTeX hyphenate Hungarian words, please
(magyar.ldf)                modify language.dat and rerun initex or texconfig.


LaTeX Warning: Please use \usepackage[latin2]{inputenc} with
               \usepackage[magyar]{babel}.

("C:\Program Files\MiKTeX 2.9\tex\context\base\supp-pdf.mkii"
[Loading MPS to PDF converter (version 2006.09.02).]
\scratchcounter=\count110
\scratchdimen=\dimen117
\scratchbox=\box28
\nofMPsegments=\count111
\nofMParguments=\count112
\everyMPshowfont=\toks28
\MPscratchCnt=\count113
\MPscratchDim=\dimen118
\MPnumerator=\count114
\makeMPintoPDFobject=\count115
\everyMPtoPDFconversion=\toks29
) ("C:\Program Files\MiKTeX 2.9\tex\latex\oberdiek\epstopdf-base.sty"
Package: epstopdf-base 2016/05/15 v2.6 Base part for package epstopdf

("C:\Program Files\MiKTeX 2.9\tex\generic\oberdiek\infwarerr.sty"
Package: infwarerr 2016/05/16 v1.4 Providing info/warning/error messages (HO)
)
("C:\Program Files\MiKTeX 2.9\tex\latex\oberdiek\grfext.sty"
Package: grfext 2016/05/16 v1.2 Manage graphics extensions (HO)

("C:\Program Files\MiKTeX 2.9\tex\generic\oberdiek\kvdefinekeys.sty"
Package: kvdefinekeys 2016/05/16 v1.4 Define keys (HO)

("C:\Program Files\MiKTeX 2.9\tex\generic\oberdiek\ltxcmds.sty"
Package: ltxcmds 2016/05/16 v1.23 LaTeX kernel commands for general use (HO)
)))
("C:\Program Files\MiKTeX 2.9\tex\latex\oberdiek\kvoptions.sty"
Package: kvoptions 2016/05/16 v3.12 Key value format for package options (HO)

("C:\Program Files\MiKTeX 2.9\tex\generic\oberdiek\kvsetkeys.sty"
Package: kvsetkeys 2016/05/16 v1.17 Key value parser (HO)

("C:\Program Files\MiKTeX 2.9\tex\generic\oberdiek\etexcmds.sty"
Package: etexcmds 2016/05/16 v1.6 Avoid name clashes with e-TeX commands (HO)

("C:\Program Files\MiKTeX 2.9\tex\generic\oberdiek\ifluatex.sty"
Package: ifluatex 2016/05/16 v1.4 Provides the ifluatex switch (HO)
Package ifluatex Info: LuaTeX not detected.
))))
("C:\Program Files\MiKTeX 2.9\tex\generic\oberdiek\pdftexcmds.sty"
Package: pdftexcmds 2018/09/10 v0.29 Utility functions of pdfTeX for LuaTeX (HO
)

("C:\Program Files\MiKTeX 2.9\tex\generic\oberdiek\ifpdf.sty"
Package: ifpdf 2018/09/07 v3.3 Provides the ifpdf switch
)
Package pdftexcmds Info: LuaTeX not detected.
Package pdftexcmds Info: \pdf@primitive is available.
Package pdftexcmds Info: \pdf@ifprimitive is available.
Package pdftexcmds Info: \pdfdraftmode found.
)
Package epstopdf-base Info: Redefining graphics rule for `.eps' on input line 4
38.
Package grfext Info: Graphics extension search list:
(grfext)             [.pdf,.png,.jpg,.mps,.jpeg,.jbig2,.jb2,.PDF,.PNG,.JPG,.JPE
G,.JBIG2,.JB2,.eps]
(grfext)             \AppendGraphicsExtensions on input line 456.
)
LaTeX Font Info:    Font shape `T1/ptm/bx/n' in size <12> not available
(Font)              Font shape `T1/ptm/b/n' tried instead on input line 97.
LaTeX Font Info:    Font shape `T1/ptm/bx/n' in size <20.74> not available
(Font)              Font shape `T1/ptm/b/n' tried instead on input line 103.
LaTeX Font Info:    Try loading font information for U+msa on input line 112.

("C:\Program Files\MiKTeX 2.9\tex\latex\amsfonts\umsa.fd"
File: umsa.fd 2013/01/14 v3.01 AMS symbols A
)
LaTeX Font Info:    Try loading font information for U+msb on input line 112.

("C:\Program Files\MiKTeX 2.9\tex\latex\amsfonts\umsb.fd"
File: umsb.fd 2013/01/14 v3.01 AMS symbols B
) [1
Non-PDF special ignored!
<special> header=psfrag.pro

{C:/Users/gharaszti/AppData/Local/MiKTeX/2.9/pdftex/config/pdftex.map}]
LaTeX Font Info:    Font shape `T1/ptm/bx/n' in size <24.88> not available
(Font)              Font shape `T1/ptm/b/n' tried instead on input line 127.

(Diplomamunka_Haraszti_Gabor_DPWF3Y.toc)
\tf@toc=\write4
\openout4 = `Diplomamunka_Haraszti_Gabor_DPWF3Y.toc'.

 [2

]
1. fejezet.

Underfull \hbox (badness 10000) in paragraph at lines 132--133

 []


Underfull \hbox (badness 10000) in paragraph at lines 134--135

 []


Underfull \hbox (badness 10000) in paragraph at lines 136--137

 []


Underfull \hbox (badness 10000) in paragraph at lines 138--139

 []

[3

]
Underfull \hbox (badness 10000) in paragraph at lines 147--148

 []


Overfull \hbox (3.14043pt too wide) in paragraph at lines 154--154
[]\T1/ptm/m/n/12 MUNKAKÖRNYEZET| 
 []


Underfull \hbox (badness 10000) in paragraph at lines 156--156
[]\T1/ptm/m/n/12 Betanítás speciális fe-lada-
 []


Underfull \hbox (badness 10000) in paragraph at lines 160--160
[]\T1/ptm/m/n/12 Robotok és em-berek
 []


Underfull \hbox (badness 1533) in paragraph at lines 160--161
[]\T1/ptm/m/n/12 Robotoknak és em-bereknek
 []


Underfull \hbox (badness 1072) in paragraph at lines 160--161
\T1/ptm/m/n/12 te-rü-le-ten, hogy szol-gál-tatást
 []


Underfull \hbox (badness 10000) in paragraph at lines 162--162
[]\T1/ptm/m/n/12 Megbízásra ru-gal-masan
 []


Overfull \hbox (7.54724pt too wide) in paragraph at lines 149--165
[][] 
 []


Underfull \hbox (badness 10000) in paragraph at lines 169--170

 []


Underfull \hbox (badness 10000) in paragraph at lines 171--172

 []

[4]
2. fejezet.

Underfull \hbox (badness 10000) in paragraph at lines 175--176

 []


Underfull \hbox (badness 10000) in paragraph at lines 177--178

 []


Underfull \hbox (badness 10000) in paragraph at lines 179--180

 []


Underfull \hbox (badness 10000) in paragraph at lines 181--182

 []


Underfull \hbox (badness 10000) in paragraph at lines 183--184

 []


Underfull \hbox (badness 10000) in paragraph at lines 185--186

 []

[5

]
Underfull \hbox (badness 10000) in paragraph at lines 187--188

 []


Overfull \hbox (2.07805pt too wide) in paragraph at lines 189--190
\T1/ptm/m/n/12 cióra, mint például a pil-lanat-nyi ál-lapot, vagy az al-ka-lmaz
ás bel-s® ál-lapota. M¶ködésükhöz
 []


Underfull \hbox (badness 10000) in paragraph at lines 189--190

 []


Overfull \hbox (4.96704pt too wide) in paragraph at lines 191--192
[]\T1/ptm/b/n/12 Contextful: \T1/ptm/m/n/12 azaz ál-lapot füg-g® szol-gál-tatá-
sok-nak szük-ségük van in-for-má-cióra a tár-gyrend-
 []


Underfull \hbox (badness 10000) in paragraph at lines 191--192

 []


Underfull \hbox (badness 10000) in paragraph at lines 193--194

 []


Underfull \hbox (badness 10000) in paragraph at lines 195--196

 []


Underfull \hbox (badness 10000) in paragraph at lines 197--198

 []

[6]
Underfull \hbox (badness 10000) in paragraph at lines 199--200

 []


Underfull \hbox (badness 10000) in paragraph at lines 222--223

 []


Underfull \hbox (badness 10000) in paragraph at lines 224--225

 []

[7]
Underfull \hbox (badness 10000) in paragraph at lines 226--227

 []


Underfull \hbox (badness 10000) in paragraph at lines 228--229

 []


Underfull \hbox (badness 10000) in paragraph at lines 230--231

 []


Underfull \hbox (badness 10000) in paragraph at lines 232--233

 []


Underfull \hbox (badness 10000) in paragraph at lines 234--235

 []


Underfull \hbox (badness 10000) in paragraph at lines 236--237

 []

[8]
Overfull \hbox (4.11137pt too wide) in paragraph at lines 245--246
[]\T1/ptm/m/n/12 A Cloudroid-ban a sz-ervizb®l két rész
 []


Underfull \hbox (badness 10000) in paragraph at lines 253--254

 []


Underfull \hbox (badness 10000) in paragraph at lines 255--256

 []

LaTeX Font Info:    Try loading font information for T1+pcr on input line 257.
("C:\Program Files\MiKTeX 2.9\tex\latex\psnfss\t1pcr.fd"
File: t1pcr.fd 2001/06/04 font definitions for T1/pcr.
)
Underfull \hbox (badness 10000) in paragraph at lines 257--258

 []

[9]
Overfull \hbox (0.18942pt too wide) in paragraph at lines 259--260
[]\T1/ptm/m/n/12 Az RWT-ben külön fi-gyel-met fordí-tot-tak a stream-ing ada-to
k meg-fe-le-l® kezelésére, például
 []


Underfull \hbox (badness 10000) in paragraph at lines 259--260

 []


Underfull \hbox (badness 10000) in paragraph at lines 261--262

 []

[10]
3. fejezet.

Underfull \hbox (badness 10000) in paragraph at lines 265--266

 []

LaTeX Font Info:    Font shape `T1/ptm/bx/n' in size <17.28> not available
(Font)              Font shape `T1/ptm/b/n' tried instead on input line 267.

Underfull \hbox (badness 10000) in paragraph at lines 269--270

 []


Underfull \hbox (badness 10000) in paragraph at lines 271--272

 []


Underfull \hbox (badness 10000) in paragraph at lines 273--274

 []

[11

]
Underfull \hbox (badness 10000) in paragraph at lines 277--278

 []


Overfull \hbox (3.30896pt too wide) in paragraph at lines 279--280
\T1/ptm/m/n/12 pro-cess-zor töb-blet ter-helés-sel, hanem ele-gend® lenne a szo
ftvereket egymástól elkülöníteni
 []


Overfull \hbox (2.04942pt too wide) in paragraph at lines 279--280
\T1/ptm/m/n/12 met nyújt a pro-cesszek[] elválasztásához, ele-gend® lenne az op
-erá-ciós rend-sz-er ker-nelében[]
 []


Underfull \hbox (badness 10000) in paragraph at lines 279--280

 []

Package epstopdf Info: Source file: <container-vs-vm.eps>
(epstopdf)                    date: 2018-12-12 23:43:57
(epstopdf)                    size: 3483204 bytes
(epstopdf)             Output file: <container-vs-vm-eps-converted-to.pdf>
(epstopdf)                    date: 2018-12-12 23:44:26
(epstopdf)                    size: 1726274 bytes
(epstopdf)             Command: <epstopdf --outfile=container-vs-vm-eps-convert
ed-to.pdf container-vs-vm.eps>
(epstopdf)             \includegraphics on input line 283.
Package epstopdf Info: Output file is already uptodate.


pdfTeX warning: pdflatex.exe (file ./container-vs-vm-eps-converted-to.pdf): PDF
 inclusion: found PDF version <1.7>, but at most version <1.5> allowed
<container-vs-vm-eps-converted-to.pdf, id=40, 1108.14pt x 616.3025pt>
File: container-vs-vm-eps-converted-to.pdf Graphic file (type pdf)
<use container-vs-vm-eps-converted-to.pdf>
Package pdftex.def Info: container-vs-vm-eps-converted-to.pdf  used on input li
ne 283.
(pdftex.def)             Requested size: 341.43306pt x 189.8857pt.

Underfull \hbox (badness 10000) in paragraph at lines 289--290

 []

[12 <./container-vs-vm-eps-converted-to.pdf>]
Underfull \hbox (badness 10000) in paragraph at lines 291--292

 []


Underfull \hbox (badness 10000) in paragraph at lines 293--294

 []

Package epstopdf Info: Source file: <docker-architektura.eps>
(epstopdf)                    date: 2018-12-13 08:51:52
(epstopdf)                    size: 55576 bytes
(epstopdf)             Output file: <docker-architektura-eps-converted-to.pdf>
(epstopdf)                    date: 2018-12-13 08:53:17
(epstopdf)                    size: 30503 bytes
(epstopdf)             Command: <epstopdf --outfile=docker-architektura-eps-con
verted-to.pdf docker-architektura.eps>
(epstopdf)             \includegraphics on input line 297.
Package epstopdf Info: Output file is already uptodate.


pdfTeX warning: pdflatex.exe (file ./docker-architektura-eps-converted-to.pdf):
 PDF inclusion: found PDF version <1.7>, but at most version <1.5> allowed
<docker-architektura-eps-converted-to.pdf, id=91, 487.8225pt x 251.94125pt>
File: docker-architektura-eps-converted-to.pdf Graphic file (type pdf)
<use docker-architektura-eps-converted-to.pdf>
Package pdftex.def Info: docker-architektura-eps-converted-to.pdf  used on inpu
t line 297.
(pdftex.def)             Requested size: 312.9803pt x 161.64165pt.

Underfull \hbox (badness 10000) in paragraph at lines 303--304

 []

[13 <./docker-architektura-eps-converted-to.pdf>]
Underfull \hbox (badness 10000) in paragraph at lines 305--306

 []


Overfull \hbox (1.88113pt too wide) in paragraph at lines 307--308
\T1/ptm/m/n/12 megoldást, nincs szük-ség sok-féle op-erá-ciós rend-sz-erre és a
 megvizs-gált fel-h® tech-nológiák
 []


Underfull \hbox (badness 10000) in paragraph at lines 307--308

 []


Underfull \hbox (badness 10000) in paragraph at lines 311--312

 []


Underfull \hbox (badness 10000) in paragraph at lines 314--315

 []


Underfull \hbox (badness 10000) in paragraph at lines 317--318

 []


Underfull \hbox (badness 10000) in paragraph at lines 319--320

 []

[14]
Overfull \hbox (4.0035pt too wide) in paragraph at lines 327--328
\T1/ptm/m/n/12 A fe-la-dathoz fel-használt alap, a ROS [[]], melynek szol-gál-t
atá-sai kíván-juk a TCP/IP hálóza-
 []


Underfull \hbox (badness 10000) in paragraph at lines 327--328

 []


Underfull \hbox (badness 10000) in paragraph at lines 329--330

 []

Package epstopdf Info: Source file: <ROS.eps>
(epstopdf)                    date: 2018-12-14 09:35:25
(epstopdf)                    size: 44261 bytes
(epstopdf)             Output file: <ROS-eps-converted-to.pdf>
(epstopdf)                    date: 2018-12-14 09:38:29
(epstopdf)                    size: 25372 bytes
(epstopdf)             Command: <epstopdf --outfile=ROS-eps-converted-to.pdf RO
S.eps>
(epstopdf)             \includegraphics on input line 333.
Package epstopdf Info: Output file is already uptodate.


pdfTeX warning: pdflatex.exe (file ./ROS-eps-converted-to.pdf): PDF inclusion: 
found PDF version <1.7>, but at most version <1.5> allowed
<ROS-eps-converted-to.pdf, id=101, 661.47125pt x 347.2975pt>
File: ROS-eps-converted-to.pdf Graphic file (type pdf)
<use ROS-eps-converted-to.pdf>
Package pdftex.def Info: ROS-eps-converted-to.pdf  used on input line 333.
(pdftex.def)             Requested size: 298.75262pt x 156.85475pt.

Underfull \hbox (badness 10000) in paragraph at lines 338--339

 []

[15 <./ROS-eps-converted-to.pdf>]
Overfull \hbox (1.63156pt too wide) in paragraph at lines 343--344
\T1/ptm/m/n/12 közpon-ti helyen. A Node-ok tudják fel-használ-ni a benne tárolt
 közpon-ti paraméterek
 []


Overfull \hbox (5.25146pt too wide) in paragraph at lines 347--348
[]\T1/ptm/m/n/12 A táskák egy for-má-tum ROS üzenetek el-men-tésére és vis-sza-
ját-szására, fontos mech-
 []


Overfull \hbox (1.51945pt too wide) in paragraph at lines 347--348
\T1/ptm/m/n/12 a-niz-mus az ada-tok tárolására, -- például a szen-zo-ra ada-tok
 eltárolására a teszteléshez,
 []

[16]
4. fejezet.

Overfull \hbox (4.25565pt too wide) in paragraph at lines 354--355
\T1/ptm/m/n/12 A meg-valósí-tandó rend-sz-er egy PoC, ami nem feltétlenül egy f
e-la-da-tra op-ti-mal-izált konkrét
 []


Underfull \hbox (badness 10000) in paragraph at lines 354--355

 []

Package epstopdf Info: Source file: <feladat-architektura-ROS.eps>
(epstopdf)                    date: 2018-12-14 15:51:30
(epstopdf)                    size: 62690 bytes
(epstopdf)             Output file: <feladat-architektura-ROS-eps-converted-to.
pdf>
(epstopdf)                    date: 2018-12-14 15:56:10
(epstopdf)                    size: 33749 bytes
(epstopdf)             Command: <epstopdf --outfile=feladat-architektura-ROS-ep
s-converted-to.pdf feladat-architektura-ROS.eps>
(epstopdf)             \includegraphics on input line 358.
Package epstopdf Info: Output file is already uptodate.


pdfTeX warning: pdflatex.exe (file ./feladat-architektura-ROS-eps-converted-to.
pdf): PDF inclusion: found PDF version <1.7>, but at most version <1.5> allowed

<feladat-architektura-ROS-eps-converted-to.pdf, id=110, 523.9575pt x 381.425pt>

File: feladat-architektura-ROS-eps-converted-to.pdf Graphic file (type pdf)
<use feladat-architektura-ROS-eps-converted-to.pdf>
Package pdftex.def Info: feladat-architektura-ROS-eps-converted-to.pdf  used on
 input line 358.
(pdftex.def)             Requested size: 298.75262pt x 217.49016pt.

Underfull \hbox (badness 10000) in paragraph at lines 363--364

 []

[17

 <./feladat-architektura-ROS-eps-converted-to.pdf>]
Underfull \hbox (badness 10000) in paragraph at lines 365--366

 []


Underfull \hbox (badness 10000) in paragraph at lines 367--368

 []

Package epstopdf Info: Source file: <docker-architektura-Felho.eps>
(epstopdf)                    date: 2018-12-14 20:34:48
(epstopdf)                    size: 1128368 bytes
(epstopdf)             Output file: <docker-architektura-Felho-eps-converted-to
.pdf>
(epstopdf)                    date: 2018-12-14 20:37:40
(epstopdf)                    size: 40696 bytes
(epstopdf)             Command: <epstopdf --outfile=docker-architektura-Felho-e
ps-converted-to.pdf docker-architektura-Felho.eps>
(epstopdf)             \includegraphics on input line 371.
Package epstopdf Info: Output file is already uptodate.


pdfTeX warning: pdflatex.exe (file ./docker-architektura-Felho-eps-converted-to
.pdf): PDF inclusion: found PDF version <1.7>, but at most version <1.5> allowe
d
<docker-architektura-Felho-eps-converted-to.pdf, id=116, 776.9025pt x 310.15875
pt>
File: docker-architektura-Felho-eps-converted-to.pdf Graphic file (type pdf)
<use docker-architektura-Felho-eps-converted-to.pdf>
Package pdftex.def Info: docker-architektura-Felho-eps-converted-to.pdf  used o
n input line 371.
(pdftex.def)             Requested size: 298.75262pt x 119.27187pt.

Underfull \hbox (badness 10000) in paragraph at lines 377--378

 []

[18 <./docker-architektura-Felho-eps-converted-to.pdf>]
LaTeX Font Info:    Try loading font information for OMS+ptm on input line 390.


("C:\Program Files\MiKTeX 2.9\tex\latex\psnfss\omsptm.fd"
File: omsptm.fd 
)
LaTeX Font Info:    Font shape `OMS/ptm/m/it' in size <12> not available
(Font)              Font shape `OMS/cmsy/m/n' tried instead on input line 390.
LaTeX Font Info:    Font shape `OMS/ptm/m/n' in size <12> not available
(Font)              Font shape `OMS/cmsy/m/n' tried instead on input line 390.

Underfull \hbox (badness 1062) in paragraph at lines 396--397
[]\T1/ptm/m/n/12 Docker lightweight con-tain-er en-gine (https://www.docker.com
/products/docker-
 []

[19

]
Underfull \hbox (badness 3942) in paragraph at lines 406--407
[]\T1/ptm/m/n/12 Dr. Sz-abó Zsolt, Bu-dai Csa-ba, Dr. Kovács Lás-zló, Dr. Lipov
sz-ki Györ-
 []


Underfull \hbox (badness 7379) in paragraph at lines 406--407
\T1/ptm/m/n/12 gy: Robot-mech-a-niz-mu-sok Web site tananyag, robotok cso-por-t
osítása fe-
 []


Underfull \hbox (badness 6725) in paragraph at lines 408--409
[]\T1/ptm/m/n/12 Debian op-erá-ciós rend-sz-er (https://www.debian.org/), utolj
ára megtek-intve:
 []


Underfull \hbox (badness 3525) in paragraph at lines 410--411
[]\T1/ptm/m/n/12 Ubuntu op-erá-ciós rend-sz-er (https://www.ubuntu.com/), utolj
ára megtek-intve:
 []


Underfull \hbox (badness 10000) in paragraph at lines 412--413
[]\T1/ptm/m/n/12 ROS-t és Cloudroid-ot fel-használó speci-fikus robot-felh® szo
l-gál-tató
 []


Underfull \hbox (badness 2452) in paragraph at lines 414--415
[]\T1/ptm/m/n/12 Ákos, Kovács: Dock-er, a kon-tén-er alapú vir-tu-al-izá-ció em
 Re-fak-tor Mag-a-
 []

[20] (Diplomamunka_Haraszti_Gabor_DPWF3Y.aux) ) 
Here is how much of TeX's memory you used:
 4870 strings out of 492969
 68512 string characters out of 3135835
 154933 words of memory out of 3000000
 8604 multiletter control sequences out of 15000+200000
 41249 words of font info for 64 fonts, out of 3000000 for 9000
 1160 hyphenation exceptions out of 8191
 41i,11n,43p,826b,383s stack positions out of 5000i,500n,10000p,200000b,50000s
{C:/Program Files/MiKTeX 2.9/fon
ts/enc/dvips/base/8r.enc}<C:/Program Files/MiKTeX 2.9/fonts/type1/public/amsfon
ts/cm/cmmi8.pfb><C:/Program Files/MiKTeX 2.9/fonts/type1/public/amsfonts/cm/cmr
12.pfb><C:/Program Files/MiKTeX 2.9/fonts/type1/public/amsfonts/cm/cmsy10.pfb><
C:/Program Files/MiKTeX 2.9/fonts/type1/urw/courier/ucrr8a.pfb><C:/Program File
s/MiKTeX 2.9/fonts/type1/urw/times/utmb8a.pfb><C:/Program Files/MiKTeX 2.9/font
s/type1/urw/times/utmr8a.pfb><C:/Program Files/MiKTeX 2.9/fonts/type1/urw/times
/utmri8a.pfb>
Output written on Diplomamunka_Haraszti_Gabor_DPWF3Y.pdf (20 pages, 1976185 byt
es).
PDF statistics:
 157 PDF objects out of 1000 (max. 8388607)
 0 named destinations out of 1000 (max. 500000)
 26 words of extra memory for PDF output out of 10000 (max. 10000000)

